<?xml version="1.0" encoding="UTF-8"?><testrun name="CarTest" project="Formula_1" tests="12" started="12" failures="1" errors="0" ignored="0">
  <testsuite name="manager.test.CarTest" time="0.006">
    <testcase name="testSetBraking" classname="manager.test.CarTest" time="0.001"/>
    <testcase name="testGetSpeed" classname="manager.test.CarTest" time="0.0"/>
    <testcase name="testSetUpgrades" classname="manager.test.CarTest" time="0.003">
      <failure>java.lang.AssertionError: Objects that are equal should be the same
	at org.junit.Assert.fail(Assert.java:88)
	at org.junit.Assert.assertTrue(Assert.java:41)
	at manager.test.CarTest.testSetUpgrades(CarTest.java:99)
	at sun.reflect.NativeMethodAccessorImpl.invoke0(Native Method)
	at sun.reflect.NativeMethodAccessorImpl.invoke(NativeMethodAccessorImpl.java:62)
	at sun.reflect.DelegatingMethodAccessorImpl.invoke(DelegatingMethodAccessorImpl.java:43)
	at java.lang.reflect.Method.invoke(Method.java:498)
	at org.junit.runners.model.FrameworkMethod$1.runReflectiveCall(FrameworkMethod.java:50)
	at org.junit.internal.runners.model.ReflectiveCallable.run(ReflectiveCallable.java:12)
	at org.junit.runners.model.FrameworkMethod.invokeExplosively(FrameworkMethod.java:47)
	at org.junit.internal.runners.statements.InvokeMethod.evaluate(InvokeMethod.java:17)
	at org.junit.internal.runners.statements.RunBefores.evaluate(RunBefores.java:26)
	at org.junit.runners.ParentRunner.runLeaf(ParentRunner.java:325)
	at org.junit.runners.BlockJUnit4ClassRunner.runChild(BlockJUnit4ClassRunner.java:78)
	at org.junit.runners.BlockJUnit4ClassRunner.runChild(BlockJUnit4ClassRunner.java:57)
	at org.junit.runners.ParentRunner$3.run(ParentRunner.java:290)
	at org.junit.runners.ParentRunner$1.schedule(ParentRunner.java:71)
	at org.junit.runners.ParentRunner.runChildren(ParentRunner.java:288)
	at org.junit.runners.ParentRunner.access$000(ParentRunner.java:58)
	at org.junit.runners.ParentRunner$2.evaluate(ParentRunner.java:268)
	at org.junit.runners.ParentRunner.run(ParentRunner.java:363)
	at org.eclipse.jdt.internal.junit4.runner.JUnit4TestReference.run(JUnit4TestReference.java:86)
	at org.eclipse.jdt.internal.junit.runner.TestExecution.run(TestExecution.java:38)
	at org.eclipse.jdt.internal.junit.runner.RemoteTestRunner.runTests(RemoteTestRunner.java:459)
	at org.eclipse.jdt.internal.junit.runner.RemoteTestRunner.runTests(RemoteTestRunner.java:678)
	at org.eclipse.jdt.internal.junit.runner.RemoteTestRunner.run(RemoteTestRunner.java:382)
	at org.eclipse.jdt.internal.junit.runner.RemoteTestRunner.main(RemoteTestRunner.java:192)

</failure>
    </testcase>
    <testcase name="testGetUpgrades" classname="manager.test.CarTest" time="0.0"/>
    <testcase name="testGetBraking" classname="manager.test.CarTest" time="0.0"/>
    <testcase name="testGetAcceleration" classname="manager.test.CarTest" time="0.0"/>
    <testcase name="testSetHandling" classname="manager.test.CarTest" time="0.0"/>
    <testcase name="testSetWeight" classname="manager.test.CarTest" time="0.001"/>
    <testcase name="testGetHandling" classname="manager.test.CarTest" time="0.0"/>
    <testcase name="testGetWeight" classname="manager.test.CarTest" time="0.0"/>
    <testcase name="testSetAcceleration" classname="manager.test.CarTest" time="0.0"/>
    <testcase name="testSetSpeed" classname="manager.test.CarTest" time="0.001"/>
  </testsuite>
</testrun>
