<?xml version="1.0" encoding="UTF-8"?><testrun name="GameControllerTest" project="Formula_1" tests="7" started="7" failures="1" errors="0" ignored="0">
  <testsuite name="manager.test.GameControllerTest" time="0.026">
    <testcase name="testReadJsonObjectAndInitializeSameCarList" classname="manager.test.GameControllerTest" time="0.007">
      <failure>java.lang.AssertionError: 
Expected: is &lt;[&lt;Car[speed: 0, braking: 0, acceleration: 0, weight: 0, handling: 0, Upgrades[weightRed: 0, down: 0, susp: 0, tires: 0, gearbox: 0, aero: 0, engine: 0]&gt;]&gt;, &lt;Car[speed: 0, braking: 0, acceleration: 0, weight: 0, handling: 0, Upgrades[weightRed: 1, down: 1, susp: 1, tires: 1, gearbox: 1, aero: 1, engine: 1]&gt;]&gt;]&gt;
     but: was &lt;[&lt;Car[speed: 0, braking: 0, acceleration: 0, weight: 0, handling: 0, Upgrades[weightRed: 0, down: 0, susp: 0, tires: 0, gearbox: 0, aero: 0, engine: 0]&gt;]&gt;, &lt;Car[speed: 0, braking: 0, acceleration: 0, weight: 0, handling: 0, Upgrades[weightRed: 1, down: 1, susp: 1, tires: 1, gearbox: 1, aero: 1, engine: 1]&gt;]&gt;]&gt;
	at org.hamcrest.MatcherAssert.assertThat(MatcherAssert.java:20)
	at org.junit.Assert.assertThat(Assert.java:956)
	at org.junit.Assert.assertThat(Assert.java:923)
	at manager.test.GameControllerTest.testReadJsonObjectAndInitializeSameCarList(GameControllerTest.java:104)
	at sun.reflect.NativeMethodAccessorImpl.invoke0(Native Method)
	at sun.reflect.NativeMethodAccessorImpl.invoke(NativeMethodAccessorImpl.java:62)
	at sun.reflect.DelegatingMethodAccessorImpl.invoke(DelegatingMethodAccessorImpl.java:43)
	at java.lang.reflect.Method.invoke(Method.java:498)
	at org.junit.runners.model.FrameworkMethod$1.runReflectiveCall(FrameworkMethod.java:50)
	at org.junit.internal.runners.model.ReflectiveCallable.run(ReflectiveCallable.java:12)
	at org.junit.runners.model.FrameworkMethod.invokeExplosively(FrameworkMethod.java:47)
	at org.junit.internal.runners.statements.InvokeMethod.evaluate(InvokeMethod.java:17)
	at org.junit.internal.runners.statements.RunBefores.evaluate(RunBefores.java:26)
	at org.junit.internal.runners.statements.RunAfters.evaluate(RunAfters.java:27)
	at org.junit.runners.ParentRunner.runLeaf(ParentRunner.java:325)
	at org.junit.runners.BlockJUnit4ClassRunner.runChild(BlockJUnit4ClassRunner.java:78)
	at org.junit.runners.BlockJUnit4ClassRunner.runChild(BlockJUnit4ClassRunner.java:57)
	at org.junit.runners.ParentRunner$3.run(ParentRunner.java:290)
	at org.junit.runners.ParentRunner$1.schedule(ParentRunner.java:71)
	at org.junit.runners.ParentRunner.runChildren(ParentRunner.java:288)
	at org.junit.runners.ParentRunner.access$000(ParentRunner.java:58)
	at org.junit.runners.ParentRunner$2.evaluate(ParentRunner.java:268)
	at org.junit.runners.ParentRunner.run(ParentRunner.java:363)
	at org.eclipse.jdt.internal.junit4.runner.JUnit4TestReference.run(JUnit4TestReference.java:86)
	at org.eclipse.jdt.internal.junit.runner.TestExecution.run(TestExecution.java:38)
	at org.eclipse.jdt.internal.junit.runner.RemoteTestRunner.runTests(RemoteTestRunner.java:459)
	at org.eclipse.jdt.internal.junit.runner.RemoteTestRunner.runTests(RemoteTestRunner.java:678)
	at org.eclipse.jdt.internal.junit.runner.RemoteTestRunner.run(RemoteTestRunner.java:382)
	at org.eclipse.jdt.internal.junit.runner.RemoteTestRunner.main(RemoteTestRunner.java:192)

</failure>
    </testcase>
    <testcase name="testReadJsonObjectAndInitializeDifferentHighScore" classname="manager.test.GameControllerTest" time="0.003"/>
    <testcase name="testReadJsonObjectAndInitializeSameTeamName" classname="manager.test.GameControllerTest" time="0.002"/>
    <testcase name="testReadJsonObjectAndInitializeSameHighScore" classname="manager.test.GameControllerTest" time="0.003"/>
    <testcase name="testStopAutoSave" classname="manager.test.GameControllerTest" time="0.001"/>
    <testcase name="testReadJsonObjectAndInitializeSameBudget" classname="manager.test.GameControllerTest" time="0.005"/>
    <testcase name="testAutoSaveIfItSavesEvery2Minutes" classname="manager.test.GameControllerTest" time="0.003"/>
  </testsuite>
</testrun>
