<?xml version="1.0" encoding="UTF-8" ?>
<testsuite tests="52" failures="0" name="test.java.CarTest" time="0.444" errors="0" skipped="0">
  <properties>
[...]
</properties>
  <testcase classname="test.java.CarTest" name="testUpgradeGearbox" time="0.402"/>
  <testcase classname="test.java.CarTest" name="testSetBraking" time="0"/>
  <testcase classname="test.java.CarTest" name="testUpgradeLevelLessThan5" time="0.033"/>
  <testcase classname="test.java.CarTest" name="testUpgradeEngine" time="0"/>
  <testcase classname="test.java.CarTest" name="testCurrentLevelDefault" time="0"/>
  <testcase classname="test.java.CarTest" name="testGetSpeed" time="0"/>
  <testcase classname="test.java.CarTest" name="testCurrentLevelWeightRed" time="0"/>
  <testcase classname="test.java.CarTest" name="testCurrentLevelAero" time="0"/>
  <testcase classname="test.java.CarTest" name="testCurrentLevelDown" time="0"/>
  <testcase classname="test.java.CarTest" name="testCurrentLevelSusp" time="0"/>
  <testcase classname="test.java.CarTest" name="testSetUpgrades" time="0"/>
  <testcase classname="test.java.CarTest" name="testGetUpgrades" time="0.001"/>
  <testcase classname="test.java.CarTest" name="testGetCrashChance" time="0"/>
  <testcase classname="test.java.CarTest" name="testCurrentLevelTires" time="0.001"/>
  <testcase classname="test.java.CarTest" name="testCurrentLevelEngine" time="0"/>
  <testcase classname="test.java.CarTest" name="testToString" time="0.002"/>
  <testcase classname="test.java.CarTest" name="testSetUpgradeAmountsBraking" time="0"/>
  <testcase classname="test.java.CarTest" name="testSetUpgradeAmountsWeight" time="0"/>
  <testcase classname="test.java.CarTest" name="testUpgradeLevelIMoreThan5" time="0"/>
  <testcase classname="test.java.CarTest" name="testConstructorCarAcceleration" time="0"/>
  <testcase classname="test.java.CarTest" name="testUpgradeTires" time="0"/>
  <testcase classname="test.java.CarTest" name="testConstructorCarBraking" time="0"/>
  <testcase classname="test.java.CarTest" name="testConstructorCarWeight" time="0"/>
  <testcase classname="test.java.CarTest" name="testIncrementWeight" time="0"/>
  <testcase classname="test.java.CarTest" name="testConstructorCarHandling" time="0.001"/>
  <testcase classname="test.java.CarTest" name="testSetRiskMultiplier" time="0"/>
  <testcase classname="test.java.CarTest" name="testSetUpgradeAmountsAcceleration" time="0"/>
  <testcase classname="test.java.CarTest" name="testConstructorCarSpeed" time="0"/>
  <testcase classname="test.java.CarTest" name="testUpgradeLevelIs5" time="0.003"/>
  <testcase classname="test.java.CarTest" name="testIncrementHandling" time="0"/>
  <testcase classname="test.java.CarTest" name="testGetBraking" time="0"/>
  <testcase classname="test.java.CarTest" name="testIncrementSpeed" time="0"/>
  <testcase classname="test.java.CarTest" name="testIncrementAcceleration" time="0"/>
  <testcase classname="test.java.CarTest" name="testCurrentLevelGearbox" time="0"/>
  <testcase classname="test.java.CarTest" name="testGetRiskMultiplier" time="0"/>
  <testcase classname="test.java.CarTest" name="testGetAcceleration" time="0"/>
  <testcase classname="test.java.CarTest" name="testSetHandling" time="0"/>
  <testcase classname="test.java.CarTest" name="testSetCrashChance" time="0"/>
  <testcase classname="test.java.CarTest" name="testSetWeight" time="0"/>
  <testcase classname="test.java.CarTest" name="testGetHandling" time="0.001"/>
  <testcase classname="test.java.CarTest" name="testSetUpgradeAmountsOther" time="0"/>
  <testcase classname="test.java.CarTest" name="testSetUpgradeAmountsSpeed" time="0"/>
  <testcase classname="test.java.CarTest" name="testGetWeight" time="0"/>
  <testcase classname="test.java.CarTest" name="testSetUpgradeAmountsHandling" time="0"/>
  <testcase classname="test.java.CarTest" name="testConstructorUpgrades" time="0"/>
  <testcase classname="test.java.CarTest" name="testUpgradeAero" time="0"/>
  <testcase classname="test.java.CarTest" name="testUpgradeDown" time="0"/>
  <testcase classname="test.java.CarTest" name="testUpgradeSusp" time="0"/>
  <testcase classname="test.java.CarTest" name="testIncrementBraking" time="0"/>
  <testcase classname="test.java.CarTest" name="testUpgradeWeightRed" time="0"/>
  <testcase classname="test.java.CarTest" name="testSetAcceleration" time="0"/>
  <testcase classname="test.java.CarTest" name="testSetSpeed" time="0"/>
</testsuite>